<?xml version="1.0" encoding="UTF-8"?>
<testsuite name="games.game2048.TestGame2048Initializer" tests="5" skipped="0" failures="0" errors="0" timestamp="2025-03-16T00:11:59" hostname="DESKTOP-DK8SLKV" time="0.017">
  <properties/>
  <testcase name="test0" classname="games.game2048.TestGame2048Initializer" time="0.0"/>
  <testcase name="test1" classname="games.game2048.TestGame2048Initializer" time="0.015"/>
  <testcase name="test2" classname="games.game2048.TestGame2048Initializer" time="0.0"/>
  <testcase name="test3" classname="games.game2048.TestGame2048Initializer" time="0.001"/>
  <testcase name="test4" classname="games.game2048.TestGame2048Initializer" time="0.0"/>
  <system-out><![CDATA[]]></system-out>
  <system-err><![CDATA[]]></system-err>
</testsuite>
