<?xml version="1.0" encoding="UTF-8"?>
<testsuite name="games.game2048.TestMoveValues" tests="6" skipped="0" failures="0" errors="0" timestamp="2025-03-16T00:11:59" hostname="DESKTOP-DK8SLKV" time="0.016">
  <properties/>
  <testcase name="testSimpleMove" classname="games.game2048.TestMoveValues" time="0.004"/>
  <testcase name="testSeveralMoves" classname="games.game2048.TestMoveValues" time="0.003"/>
  <testcase name="testMerge" classname="games.game2048.TestMoveValues" time="0.002"/>
  <testcase name="testMovesInSomeRows" classname="games.game2048.TestMoveValues" time="0.001"/>
  <testcase name="testMoveAndMerge" classname="games.game2048.TestMoveValues" time="0.002"/>
  <testcase name="testNoMove" classname="games.game2048.TestMoveValues" time="0.002"/>
  <system-out><![CDATA[]]></system-out>
  <system-err><![CDATA[]]></system-err>
</testsuite>
